[2016-10-06 15:10:13] START
[2016-10-06 15:36:22] EDIT SimpleAssetInventory/controllers/default.py: 6
[2016-10-06 15:37:21] EDIT SimpleAssetInventory/controllers/default.py: 3
[2016-10-06 15:37:36] EDIT SimpleAssetInventory/controllers/default.py: 0
[2016-10-06 15:37:38] EDIT SimpleAssetInventory/controllers/default.py: 0
[2016-10-06 15:37:42] EDIT SimpleAssetInventory/controllers/default.py: 0
[2016-10-06 15:38:27] EDIT SimpleAssetInventory/controllers/default.py: 3
[2016-10-06 15:39:21] EDIT SimpleAssetInventory/controllers/default.py: 0
[2016-10-06 15:39:34] EDIT SimpleAssetInventory/controllers/default.py: 0
[2016-10-06 15:40:21] EDIT SimpleAssetInventory/controllers/default.py: -3
[2016-10-06 15:41:10] CREATE default/audit.html: 0
[2016-10-06 15:41:29] CREATE default/results.html: 0
[2016-10-06 15:41:38] CREATE default/execute.html: 0
[2016-10-06 15:42:47] EDIT SimpleAssetInventory/controllers/default.py: 0
[2016-10-06 15:44:15] EDIT SimpleAssetInventory/models/menu.py: -2
[2016-10-06 15:48:46] EDIT SimpleAssetInventory/models/menu.py: -23
[2016-10-06 15:49:24] EDIT SimpleAssetInventory/models/menu.py: 0
[2016-10-06 15:50:15] EDIT SimpleAssetInventory/models/menu.py: 0
[2016-10-06 15:51:10] EDIT SimpleAssetInventory/models/menu.py: -68
[2016-10-06 15:54:01] EDIT SimpleAssetInventory/models/menu.py: 3
[2016-10-06 15:55:17] EDIT SimpleAssetInventory/views/default/index.html: -14
[2016-10-06 15:55:50] EDIT SimpleAssetInventory/views/default/index.html: 0
[2016-10-06 15:56:02] EDIT SimpleAssetInventory/views/default/index.html: 0
[2016-10-06 16:01:09] CREATE customdb.py: 0
[2016-10-06 16:05:23] EDIT SimpleAssetInventory/models/customdb.py: 1
[2016-10-06 16:07:14] EDIT SimpleAssetInventory/models/db.py: 0
[2016-10-06 16:07:34] EDIT SimpleAssetInventory/models/customdb.py: 0
[2016-10-06 16:09:47] EDIT SimpleAssetInventory/models/db.py: 7
[2016-10-06 16:51:33] EDIT SimpleAssetInventory/models/db.py: 2
[2016-10-06 20:27:18] EDIT SimpleAssetInventory/models/db.py: 0
[2016-10-06 20:27:50] EDIT SimpleAssetInventory/models/db.py: 0
[2016-10-06 20:28:21] EDIT SimpleAssetInventory/models/customdb.py: -1
[2016-10-06 21:23:06] EDIT SimpleAssetInventory/models/customdb.py: 0
[2016-10-19 18:36:31] EDIT SimpleAssetInventory/views/default/execute.html: 11
[2016-10-19 18:37:31] EDIT SimpleAssetInventory/controllers/default.py: 0
[2016-10-19 18:38:00] EDIT SimpleAssetInventory/controllers/default.py: 0
[2016-10-19 18:38:20] EDIT SimpleAssetInventory/controllers/default.py: 0
[2016-10-19 18:41:04] EDIT SimpleAssetInventory/views/default/execute.html: -4
[2016-10-19 19:18:00] EDIT SimpleAssetInventory/controllers/default.py: 0
[2016-10-19 19:19:02] EDIT SimpleAssetInventory/controllers/default.py: 1
[2016-10-19 19:25:40] CREATE logging.py: 0
[2016-10-19 19:25:58] EDIT SimpleAssetInventory/models/logging.py: 8
[2016-10-19 19:26:26] EDIT SimpleAssetInventory/models/logging.py: 0
[2016-10-19 19:27:05] EDIT SimpleAssetInventory/models/logging.py: -1
[2016-10-19 19:27:13] EDIT SimpleAssetInventory/models/logging.py: 0
[2016-10-19 19:27:50] EDIT SimpleAssetInventory/models/logging.py: 2
[2016-10-19 19:29:17] EDIT SimpleAssetInventory/models/logging.py: 0
[2016-10-19 19:39:35] EDIT SimpleAssetInventory/controllers/default.py: 3
[2016-10-19 19:40:49] EDIT SimpleAssetInventory/controllers/default.py: 0
[2016-10-19 19:42:45] EDIT SimpleAssetInventory/controllers/default.py: 0
[2016-10-19 19:45:50] EDIT SimpleAssetInventory/controllers/default.py: 0
[2016-10-19 19:45:56] EDIT SimpleAssetInventory/controllers/default.py: 0
[2016-10-19 19:48:35] EDIT SimpleAssetInventory/controllers/default.py: 0
[2016-10-19 19:50:53] EDIT SimpleAssetInventory/controllers/default.py: 1
[2016-10-19 19:51:22] EDIT SimpleAssetInventory/controllers/default.py: 0
[2016-10-19 19:51:57] EDIT SimpleAssetInventory/controllers/default.py: 0
[2016-10-19 19:53:06] EDIT SimpleAssetInventory/controllers/default.py: 3
[2016-10-19 19:54:34] EDIT SimpleAssetInventory/views/default/execute.html: -5
[2016-10-19 19:55:10] EDIT SimpleAssetInventory/views/default/execute.html: 2
[2016-10-19 20:03:49] EDIT SimpleAssetInventory/views/default/execute.html: -2
[2016-10-19 20:03:52] EDIT SimpleAssetInventory/views/default/execute.html: 0
[2016-10-19 20:04:30] EDIT SimpleAssetInventory/controllers/default.py: 0
[2016-10-19 20:04:48] EDIT SimpleAssetInventory/controllers/default.py: 0
[2016-10-19 20:07:24] EDIT SimpleAssetInventory/controllers/default.py: 0
[2016-10-19 20:08:28] EDIT SimpleAssetInventory/controllers/default.py: 1
[2016-10-19 20:08:35] EDIT SimpleAssetInventory/controllers/default.py: 0
[2016-10-19 20:09:04] EDIT SimpleAssetInventory/controllers/default.py: -1
[2016-10-19 20:09:22] EDIT SimpleAssetInventory/views/default/execute.html: 1
[2016-10-19 20:09:38] EDIT SimpleAssetInventory/views/default/execute.html: 0
[2016-10-19 20:11:31] EDIT SimpleAssetInventory/controllers/default.py: 0
[2016-10-19 20:11:46] EDIT SimpleAssetInventory/controllers/default.py: 0
[2016-10-19 20:12:27] EDIT SimpleAssetInventory/controllers/default.py: 0
[2016-10-19 20:12:54] EDIT SimpleAssetInventory/controllers/default.py: 0
[2016-10-19 20:13:31] EDIT SimpleAssetInventory/views/default/execute.html: 5
[2016-10-19 20:13:57] EDIT SimpleAssetInventory/views/default/execute.html: 0
[2016-10-19 20:14:17] EDIT SimpleAssetInventory/views/default/execute.html: 1
[2016-10-19 20:14:39] EDIT SimpleAssetInventory/views/default/execute.html: 0
[2016-10-19 20:15:59] EDIT SimpleAssetInventory/views/default/execute.html: 20
[2016-10-19 20:16:52] EDIT SimpleAssetInventory/views/default/execute.html: 0
[2016-10-19 20:18:12] EDIT SimpleAssetInventory/controllers/default.py: 0
[2016-10-19 20:18:38] EDIT SimpleAssetInventory/controllers/default.py: 0
[2016-10-19 20:20:43] EDIT SimpleAssetInventory/controllers/default.py: -1
[2016-10-19 20:20:58] EDIT SimpleAssetInventory/controllers/default.py: 0
[2016-10-19 20:25:28] EDIT SimpleAssetInventory/views/default/execute.html: 0
[2016-10-19 20:33:10] EDIT SimpleAssetInventory/views/default/execute.html: 0
[2016-10-19 20:36:51] EDIT SimpleAssetInventory/views/default/execute.html: 0
[2016-10-19 20:37:11] EDIT SimpleAssetInventory/views/default/execute.html: 0
[2016-10-19 20:37:52] EDIT SimpleAssetInventory/views/default/execute.html: 0
[2016-10-19 20:40:27] EDIT SimpleAssetInventory/controllers/default.py: -4
[2016-10-19 20:42:45] EDIT SimpleAssetInventory/views/default/execute.html: 2
[2016-10-19 20:43:32] EDIT SimpleAssetInventory/views/default/execute.html: 0
[2016-10-19 20:43:57] EDIT SimpleAssetInventory/views/default/execute.html: 0
[2016-10-19 20:47:15] EDIT SimpleAssetInventory/views/default/execute.html: 0
[2016-10-19 20:47:53] EDIT SimpleAssetInventory/controllers/default.py: 1
[2016-10-19 20:48:27] EDIT SimpleAssetInventory/controllers/default.py: -1
[2016-10-19 20:48:40] EDIT SimpleAssetInventory/controllers/default.py: 0
[2016-10-19 20:51:16] EDIT SimpleAssetInventory/views/default/execute.html: 1
[2016-10-19 20:51:38] EDIT SimpleAssetInventory/controllers/default.py: 0
[2016-10-19 20:54:21] EDIT SimpleAssetInventory/controllers/default.py: 6
[2016-10-19 20:54:30] EDIT SimpleAssetInventory/controllers/default.py: 0
[2016-10-19 20:55:04] EDIT SimpleAssetInventory/controllers/default.py: 0
[2016-10-19 20:55:19] EDIT SimpleAssetInventory/controllers/default.py: 0
[2016-10-19 20:56:17] EDIT SimpleAssetInventory/controllers/default.py: 0
[2016-10-19 20:56:36] EDIT SimpleAssetInventory/controllers/default.py: 0
[2016-10-19 20:57:17] EDIT SimpleAssetInventory/controllers/default.py: -2
[2016-10-19 20:59:23] EDIT SimpleAssetInventory/views/default/execute.html: 0
[2016-10-19 20:59:59] EDIT SimpleAssetInventory/views/default/execute.html: 0
[2016-10-19 21:03:15] EDIT SimpleAssetInventory/views/default/execute.html: 0
[2016-10-19 21:05:10] EDIT SimpleAssetInventory/views/default/execute.html: 0
[2016-10-19 21:07:58] EDIT SimpleAssetInventory/views/default/execute.html: 0
[2016-10-19 21:08:51] EDIT SimpleAssetInventory/controllers/default.py: 0
[2016-10-19 21:12:57] EDIT SimpleAssetInventory/controllers/default.py: 4
[2016-10-19 21:14:24] EDIT SimpleAssetInventory/controllers/default.py: 0
[2016-10-19 21:15:41] EDIT SimpleAssetInventory/controllers/default.py: 0
[2016-10-19 21:16:47] EDIT SimpleAssetInventory/controllers/default.py: 0
[2016-10-19 21:17:33] EDIT SimpleAssetInventory/controllers/default.py: 1
[2016-10-19 21:25:38] EDIT SimpleAssetInventory/controllers/default.py: 0
[2016-10-19 21:29:15] EDIT SimpleAssetInventory/modules/nmapscanner.py: 9
[2016-10-19 21:29:34] EDIT SimpleAssetInventory/modules/nmapscanner.py: 0
[2016-10-19 21:30:20] EDIT SimpleAssetInventory/modules/nmapscanner.py: 0
[2016-10-19 21:31:07] UPLOAD /home/www-data/web2py/applications/SimpleAssetInventory/private/nmap.py: 883
[2016-10-19 21:31:17] EDIT SimpleAssetInventory/modules/nmapscanner.py: 0
[2016-10-19 21:31:31] EDIT SimpleAssetInventory/modules/nmapscanner.py: 0
[2016-10-19 21:32:56] EDIT SimpleAssetInventory/controllers/default.py: 1
[2016-10-19 21:38:34] EDIT SimpleAssetInventory/controllers/default.py: 4
[2016-10-19 21:38:46] EDIT SimpleAssetInventory/views/default/execute.html: 0
[2016-10-19 21:39:41] EDIT SimpleAssetInventory/controllers/default.py: 0
[2016-10-19 21:44:13] EDIT SimpleAssetInventory/controllers/default.py: 0
[2016-10-19 21:45:11] EDIT SimpleAssetInventory/controllers/default.py: 0
[2016-10-19 21:46:08] EDIT SimpleAssetInventory/controllers/default.py: 0
[2016-10-19 21:48:21] EDIT SimpleAssetInventory/controllers/default.py: 0
[2016-10-19 21:49:18] EDIT SimpleAssetInventory/controllers/default.py: 0
[2016-10-19 21:50:11] EDIT SimpleAssetInventory/controllers/default.py: 1
[2016-10-19 21:51:23] EDIT SimpleAssetInventory/views/default/execute.html: -1
[2016-10-19 21:53:11] EDIT SimpleAssetInventory/controllers/default.py: 2
[2016-10-19 21:55:08] EDIT SimpleAssetInventory/controllers/default.py: 0
[2016-10-19 21:56:03] EDIT SimpleAssetInventory/controllers/default.py: 0
[2016-10-19 21:56:18] EDIT SimpleAssetInventory/controllers/default.py: 0
[2016-10-19 22:00:29] EDIT SimpleAssetInventory/controllers/default.py: 1
[2016-10-19 22:01:48] EDIT SimpleAssetInventory/controllers/default.py: 0
[2016-10-19 22:02:22] EDIT SimpleAssetInventory/controllers/default.py: 1
[2016-10-19 22:02:52] EDIT SimpleAssetInventory/controllers/default.py: 0
[2016-10-19 22:04:37] EDIT SimpleAssetInventory/controllers/default.py: 0
[2016-10-19 22:04:55] EDIT SimpleAssetInventory/controllers/default.py: 0
[2016-10-19 22:05:11] EDIT SimpleAssetInventory/controllers/default.py: -1
[2016-10-19 22:06:03] EDIT SimpleAssetInventory/controllers/default.py: 2
[2016-10-19 22:06:42] EDIT SimpleAssetInventory/controllers/default.py: 0
[2016-10-19 22:07:16] EDIT SimpleAssetInventory/controllers/default.py: -2
[2016-10-19 22:08:13] EDIT SimpleAssetInventory/controllers/default.py: 0
[2016-10-19 22:08:29] EDIT SimpleAssetInventory/controllers/default.py: 0
[2016-10-19 22:08:52] EDIT SimpleAssetInventory/controllers/default.py: 0
[2016-10-19 22:09:30] EDIT SimpleAssetInventory/controllers/default.py: 0
[2016-10-19 22:11:48] EDIT SimpleAssetInventory/modules/nmapscanner.py: 0
[2016-10-19 22:12:30] EDIT SimpleAssetInventory/controllers/default.py: 0
[2016-10-19 22:13:03] EDIT SimpleAssetInventory/controllers/default.py: 0
[2016-10-19 22:14:46] EDIT SimpleAssetInventory/controllers/default.py: 0
[2016-10-19 22:16:33] EDIT SimpleAssetInventory/views/default/execute.html: 1
[2016-10-19 22:17:57] EDIT SimpleAssetInventory/controllers/default.py: 0
[2016-10-19 22:18:12] EDIT SimpleAssetInventory/controllers/default.py: 0
[2016-10-19 22:18:34] EDIT SimpleAssetInventory/controllers/default.py: 0
[2016-10-19 22:19:45] EDIT SimpleAssetInventory/controllers/default.py: 1
[2016-10-19 22:21:25] EDIT SimpleAssetInventory/controllers/default.py: -1
[2016-10-19 22:21:45] EDIT SimpleAssetInventory/controllers/default.py: 0
[2016-10-19 22:23:20] EDIT SimpleAssetInventory/controllers/default.py: 0
[2016-10-19 22:23:34] EDIT SimpleAssetInventory/controllers/default.py: 0
[2016-10-19 22:24:27] EDIT SimpleAssetInventory/controllers/default.py: 0
[2016-10-19 22:26:15] EDIT SimpleAssetInventory/controllers/default.py: 0
[2016-10-19 22:26:44] EDIT SimpleAssetInventory/controllers/default.py: 0
[2016-10-19 22:26:58] EDIT SimpleAssetInventory/controllers/default.py: 0
[2016-10-19 22:28:31] EDIT SimpleAssetInventory/controllers/default.py: 1
[2016-10-19 22:28:51] EDIT SimpleAssetInventory/controllers/default.py: 0
[2016-10-19 22:29:04] EDIT SimpleAssetInventory/controllers/default.py: 0
[2016-10-19 22:29:45] EDIT SimpleAssetInventory/controllers/default.py: 0
[2016-10-19 22:30:33] EDIT SimpleAssetInventory/views/default/execute.html: 0
[2016-10-19 22:30:47] EDIT SimpleAssetInventory/controllers/default.py: 0
[2016-10-19 22:32:20] EDIT SimpleAssetInventory/controllers/default.py: 1
[2016-10-19 22:32:56] EDIT SimpleAssetInventory/controllers/default.py: 0
[2016-10-19 22:33:12] EDIT SimpleAssetInventory/controllers/default.py: 0
[2016-10-19 22:34:09] EDIT SimpleAssetInventory/controllers/default.py: 0
[2016-10-19 22:34:16] EDIT SimpleAssetInventory/views/default/execute.html: 0
[2016-10-19 22:36:13] EDIT SimpleAssetInventory/controllers/default.py: 1
[2016-10-19 22:38:10] EDIT SimpleAssetInventory/views/default/execute.html: 4
[2016-10-19 22:41:22] EDIT SimpleAssetInventory/controllers/default.py: 0
[2016-10-19 22:41:43] EDIT SimpleAssetInventory/controllers/default.py: 0
[2016-10-19 22:44:08] EDIT SimpleAssetInventory/modules/nmapscanner.py: 1
[2016-10-19 23:00:43] EDIT SimpleAssetInventory/modules/nmapscanner.py: 12
[2016-10-20 15:48:17] EDIT SimpleAssetInventory/views/default/execute.html: 0
[2016-10-20 15:48:31] EDIT SimpleAssetInventory/views/default/execute.html: 1
[2016-10-20 15:49:05] EDIT SimpleAssetInventory/modules/nmapscanner.py: 1
[2016-10-20 15:50:34] EDIT SimpleAssetInventory/controllers/default.py: 0
[2016-10-20 15:54:30] EDIT SimpleAssetInventory/views/default/execute.html: 3
[2016-10-20 15:54:54] EDIT SimpleAssetInventory/views/default/execute.html: 1
[2016-10-20 16:01:47] EDIT SimpleAssetInventory/models/customdb.py: 1
[2016-10-20 16:01:56] EDIT SimpleAssetInventory/controllers/default.py: 1
[2016-10-20 16:01:58] EDIT SimpleAssetInventory/views/default/execute.html: -32
[2016-10-20 16:02:11] EDIT SimpleAssetInventory/views/default/execute.html: -1
[2016-10-20 16:03:08] EDIT SimpleAssetInventory/models/customdb.py: -1
[2016-10-20 16:03:39] EDIT SimpleAssetInventory/models/db.py: 1
[2016-10-20 16:04:28] EDIT SimpleAssetInventory/models/db.py: 0
[2016-10-20 16:04:48] EDIT SimpleAssetInventory/models/db.py: 0
[2016-10-20 16:05:16] EDIT SimpleAssetInventory/controllers/default.py: -1
[2016-10-20 16:05:37] EDIT SimpleAssetInventory/controllers/default.py: 0
[2016-10-20 16:12:45] EDIT SimpleAssetInventory/controllers/default.py: 11
[2016-10-20 16:16:09] EDIT SimpleAssetInventory/controllers/default.py: 0
[2016-10-20 16:16:35] EDIT SimpleAssetInventory/controllers/default.py: -1
[2016-10-20 16:19:53] EDIT SimpleAssetInventory/views/default/execute.html: -1
[2016-10-20 16:25:09] EDIT SimpleAssetInventory/modules/nmapscanner.py: 0
[2016-10-20 16:25:14] EDIT SimpleAssetInventory/modules/nmapscanner.py: 0
[2016-10-20 16:27:12] EDIT SimpleAssetInventory/models/db.py: 1
[2016-10-20 16:27:34] EDIT SimpleAssetInventory/models/db.py: 0
[2016-10-20 16:28:05] EDIT SimpleAssetInventory/models/db.py: -1
[2016-10-20 16:28:59] EDIT SimpleAssetInventory/models/db.py: 0
[2016-10-20 16:30:04] EDIT SimpleAssetInventory/models/db.py: 0
[2016-10-20 16:32:07] EDIT SimpleAssetInventory/models/db.py: 0
[2016-10-20 16:32:51] EDIT SimpleAssetInventory/models/db.py: 0
[2016-10-20 16:33:30] EDIT SimpleAssetInventory/models/db.py: 0
[2016-10-20 16:35:32] EDIT SimpleAssetInventory/models/db.py: 0
[2016-10-20 16:37:08] EDIT SimpleAssetInventory/models/db.py: 0
[2016-10-20 16:37:58] EDIT SimpleAssetInventory/models/db.py: 0
[2016-10-20 16:40:25] EDIT SimpleAssetInventory/models/db.py: 0
[2016-10-20 16:40:54] EDIT SimpleAssetInventory/models/db.py: 0
[2016-10-20 16:42:02] EDIT SimpleAssetInventory/models/db.py: 0
[2016-10-20 16:42:38] EDIT SimpleAssetInventory/models/db.py: 0
[2016-10-20 16:43:23] EDIT SimpleAssetInventory/models/db.py: 0
[2016-10-20 16:44:28] EDIT SimpleAssetInventory/models/db.py: 0
[2016-10-20 16:44:50] EDIT SimpleAssetInventory/models/db.py: 0
[2016-10-20 16:54:43] EDIT SimpleAssetInventory/models/db.py: 0
[2016-10-20 16:56:55] EDIT SimpleAssetInventory/models/db.py: 0
[2016-10-20 16:57:47] EDIT SimpleAssetInventory/models/db.py: 0
[2016-10-20 17:00:16] EDIT SimpleAssetInventory/models/db.py: 0
[2016-10-20 17:03:06] EDIT SimpleAssetInventory/controllers/default.py: 0
[2016-10-20 17:03:24] EDIT SimpleAssetInventory/controllers/default.py: 0
[2016-10-20 17:41:28] EDIT SimpleAssetInventory/controllers/default.py: 0
[2016-10-20 17:42:08] EDIT SimpleAssetInventory/controllers/default.py: 0
[2016-10-20 17:45:18] EDIT SimpleAssetInventory/controllers/default.py: 0
[2016-10-20 17:46:25] EDIT SimpleAssetInventory/controllers/default.py: 0
[2016-10-20 17:51:18] EDIT SimpleAssetInventory/controllers/default.py: 0
[2016-10-20 17:52:07] EDIT SimpleAssetInventory/controllers/default.py: 0
[2016-10-20 17:55:13] EDIT SimpleAssetInventory/controllers/default.py: 1
[2016-10-20 17:57:07] EDIT SimpleAssetInventory/views/default/execute.html: 0
[2016-10-20 17:58:18] EDIT SimpleAssetInventory/views/default/execute.html: 5
[2016-10-20 18:00:43] EDIT SimpleAssetInventory/controllers/default.py: 2
[2016-10-20 18:02:39] EDIT SimpleAssetInventory/controllers/default.py: 0
[2016-10-20 18:03:50] EDIT SimpleAssetInventory/controllers/default.py: 0
[2016-10-20 18:05:03] EDIT SimpleAssetInventory/controllers/default.py: -3
[2016-10-20 18:06:18] EDIT SimpleAssetInventory/controllers/default.py: 0
[2016-10-20 18:06:48] EDIT SimpleAssetInventory/controllers/default.py: 0
[2016-10-20 18:09:34] EDIT SimpleAssetInventory/controllers/default.py: 0
[2016-10-20 19:31:05] EDIT SimpleAssetInventory/models/db.py: 3
[2016-10-20 19:32:39] EDIT SimpleAssetInventory/controllers/default.py: 0
[2016-10-20 19:33:12] EDIT SimpleAssetInventory/controllers/default.py: 0
[2016-10-20 19:33:32] EDIT SimpleAssetInventory/views/default/execute.html: -5
[2016-10-20 19:34:38] EDIT SimpleAssetInventory/controllers/default.py: 3
[2016-10-20 19:35:02] EDIT SimpleAssetInventory/controllers/default.py: 0
[2016-10-20 19:35:32] EDIT SimpleAssetInventory/controllers/default.py: 0
[2016-10-20 19:37:03] EDIT SimpleAssetInventory/modules/nmapscanner.py: 0
[2016-10-20 19:37:11] EDIT SimpleAssetInventory/controllers/default.py: 0
[2016-10-20 20:24:05] EDIT SimpleAssetInventory/modules/nmapscanner.py: -1
[2016-10-20 20:24:10] EDIT SimpleAssetInventory/modules/nmapscanner.py: 0
[2016-10-20 20:47:01] EDIT SimpleAssetInventory/modules/nmapscanner.py: 0
[2016-10-20 21:49:27] EDIT SimpleAssetInventory/controllers/default.py: 2
[2016-10-20 21:49:50] EDIT SimpleAssetInventory/models/db.py: 0
[2016-10-20 21:50:01] EDIT SimpleAssetInventory/models/db.py: 0
[2016-10-20 21:55:07] EDIT SimpleAssetInventory/models/db.py: 0
[2016-10-20 21:55:24] EDIT SimpleAssetInventory/models/db.py: 0
[2016-10-20 21:55:33] EDIT SimpleAssetInventory/models/db.py: 0
[2016-10-20 21:56:01] EDIT SimpleAssetInventory/models/db.py: -3
[2016-10-20 21:56:41] EDIT SimpleAssetInventory/models/db.py: 0
[2016-10-20 21:58:10] EDIT SimpleAssetInventory/controllers/default.py: 0
[2016-10-20 22:05:09] EDIT SimpleAssetInventory/controllers/default.py: 9
[2016-10-20 22:05:23] EDIT SimpleAssetInventory/controllers/default.py: 0
[2016-10-20 22:07:07] EDIT SimpleAssetInventory/controllers/default.py: 0
[2016-10-20 22:08:00] EDIT SimpleAssetInventory/controllers/default.py: 0
[2016-10-20 22:08:51] EDIT SimpleAssetInventory/controllers/default.py: 0
[2016-10-20 22:11:06] EDIT SimpleAssetInventory/modules/nmapscanner.py: 1
[2016-10-20 22:11:07] EDIT SimpleAssetInventory/modules/nmapscanner.py: 0
[2016-10-20 22:12:01] EDIT SimpleAssetInventory/modules/nmapscanner.py: 1
[2016-10-21 15:49:03] EDIT SimpleAssetInventory/modules/nmapscanner.py: 4
[2016-10-21 15:58:09] EDIT SimpleAssetInventory/controllers/default.py: 1
[2016-10-21 15:58:55] EDIT SimpleAssetInventory/controllers/default.py: 0
[2016-10-21 15:59:31] EDIT SimpleAssetInventory/views/default/audit.html: 7
[2016-10-21 16:03:45] EDIT SimpleAssetInventory/views/default/audit.html: 0
[2016-10-21 16:45:03] EDIT SimpleAssetInventory/controllers/default.py: 1
[2016-10-21 16:46:28] EDIT SimpleAssetInventory/controllers/default.py: 0
[2016-10-21 16:47:56] EDIT SimpleAssetInventory/controllers/default.py: 0
[2016-10-21 16:48:32] EDIT SimpleAssetInventory/controllers/default.py: 0
[2016-10-21 16:49:24] EDIT SimpleAssetInventory/controllers/default.py: 0
[2016-10-21 16:50:17] EDIT SimpleAssetInventory/controllers/default.py: 0
[2016-10-21 16:51:02] EDIT SimpleAssetInventory/controllers/default.py: 0
[2016-10-21 16:51:39] EDIT SimpleAssetInventory/controllers/default.py: 0
[2016-10-21 16:53:36] EDIT SimpleAssetInventory/models/db.py: 0
[2016-10-21 16:54:35] EDIT SimpleAssetInventory/models/db.py: 1
[2016-10-21 16:55:05] EDIT SimpleAssetInventory/models/db.py: 0
[2016-10-21 16:56:49] EDIT SimpleAssetInventory/models/db.py: 1
[2016-10-21 16:57:32] EDIT SimpleAssetInventory/models/db.py: 0
[2016-10-21 16:57:32] EDIT SimpleAssetInventory/models/db.py: 0
[2016-10-21 16:57:55] EDIT SimpleAssetInventory/models/db.py: 0
[2016-10-21 16:58:58] EDIT SimpleAssetInventory/models/db.py: 0
[2016-10-21 18:22:16] EDIT SimpleAssetInventory/controllers/default.py: 0
[2016-10-21 18:22:55] EDIT SimpleAssetInventory/controllers/default.py: 0
[2016-10-21 18:23:50] EDIT SimpleAssetInventory/controllers/default.py: 0
[2016-10-21 18:30:57] EDIT SimpleAssetInventory/models/db.py: 1
[2016-10-21 18:31:46] EDIT SimpleAssetInventory/models/db.py: 0
[2016-10-21 18:32:35] EDIT SimpleAssetInventory/controllers/default.py: 1
[2016-10-21 18:36:18] EDIT SimpleAssetInventory/controllers/default.py: 0
[2016-10-21 18:36:56] EDIT SimpleAssetInventory/controllers/default.py: 0
[2016-10-21 18:37:16] EDIT SimpleAssetInventory/controllers/default.py: 0
[2016-10-21 18:37:53] EDIT SimpleAssetInventory/models/db.py: 0
[2016-10-21 18:43:54] EDIT SimpleAssetInventory/models/db.py: 0
[2016-10-21 18:44:32] EDIT SimpleAssetInventory/models/db.py: 0
[2016-10-21 18:47:12] EDIT SimpleAssetInventory/models/db.py: 0
[2016-10-21 18:48:35] EDIT SimpleAssetInventory/controllers/default.py: 0
[2016-10-21 18:49:35] EDIT SimpleAssetInventory/controllers/default.py: 0
[2016-10-21 18:49:36] EDIT SimpleAssetInventory/models/db.py: 0
[2016-10-21 19:00:16] EDIT SimpleAssetInventory/modules/nmapscanner.py: 0
[2016-10-21 19:00:40] EDIT SimpleAssetInventory/modules/nmapscanner.py: 0
[2016-10-21 19:00:54] EDIT SimpleAssetInventory/modules/nmapscanner.py: -2
[2016-10-21 19:04:00] EDIT SimpleAssetInventory/modules/nmapscanner.py: 0
[2016-10-21 19:04:44] EDIT SimpleAssetInventory/modules/nmapscanner.py: -2
[2016-10-21 19:32:22] EDIT SimpleAssetInventory/controllers/default.py: 4
[2016-10-21 19:33:02] EDIT SimpleAssetInventory/views/default/results.html: 7
[2016-10-21 19:33:25] EDIT SimpleAssetInventory/views/default/results.html: 0
[2016-10-21 19:33:37] EDIT SimpleAssetInventory/views/default/results.html: 0
[2016-10-21 19:39:22] EDIT SimpleAssetInventory/controllers/default.py: 0
[2016-10-21 19:39:53] EDIT SimpleAssetInventory/controllers/default.py: 0
[2016-10-21 19:40:48] EDIT SimpleAssetInventory/controllers/default.py: 1
[2016-10-21 19:41:11] EDIT SimpleAssetInventory/controllers/default.py: 0
[2016-10-21 19:41:45] EDIT SimpleAssetInventory/controllers/default.py: 1
[2016-10-21 19:41:54] EDIT SimpleAssetInventory/controllers/default.py: 0
[2016-10-21 19:45:42] EDIT SimpleAssetInventory/controllers/default.py: 4
[2016-10-21 19:46:48] EDIT SimpleAssetInventory/controllers/default.py: 0
[2016-10-21 19:52:14] EDIT SimpleAssetInventory/controllers/default.py: -5
[2016-10-21 19:52:59] EDIT SimpleAssetInventory/controllers/default.py: 0
[2016-10-21 19:53:19] EDIT SimpleAssetInventory/controllers/default.py: 0
[2016-10-21 19:53:56] EDIT SimpleAssetInventory/controllers/default.py: 2
[2016-10-21 19:54:10] EDIT SimpleAssetInventory/controllers/default.py: 0
[2016-10-21 19:54:32] EDIT SimpleAssetInventory/controllers/default.py: 0
[2016-10-21 19:54:43] EDIT SimpleAssetInventory/controllers/default.py: 0
[2016-10-21 19:54:56] EDIT SimpleAssetInventory/controllers/default.py: 0
[2016-10-21 19:55:01] EDIT SimpleAssetInventory/controllers/default.py: 0
[2016-10-21 20:11:14] EDIT SimpleAssetInventory/controllers/default.py: 0
[2016-10-21 20:12:33] EDIT SimpleAssetInventory/controllers/default.py: 0
[2016-10-21 20:12:55] EDIT SimpleAssetInventory/controllers/default.py: 0
[2016-10-21 20:14:23] EDIT SimpleAssetInventory/controllers/default.py: 0
[2016-10-21 20:14:46] EDIT SimpleAssetInventory/controllers/default.py: 0
[2016-10-21 20:15:15] EDIT SimpleAssetInventory/models/db.py: 0
[2016-10-21 20:16:16] EDIT SimpleAssetInventory/controllers/default.py: 0
[2016-10-21 20:16:45] EDIT SimpleAssetInventory/controllers/default.py: -1
[2016-10-21 20:17:59] EDIT SimpleAssetInventory/models/db.py: -1
[2016-10-21 20:20:41] EDIT SimpleAssetInventory/models/db.py: 1
[2016-10-21 20:21:40] EDIT SimpleAssetInventory/models/db.py: 0
[2016-10-21 20:22:46] EDIT SimpleAssetInventory/controllers/default.py: 0
[2016-10-21 20:23:37] EDIT SimpleAssetInventory/controllers/default.py: 1
[2016-10-21 20:25:26] EDIT SimpleAssetInventory/controllers/default.py: 0
[2016-10-21 20:29:21] EDIT SimpleAssetInventory/controllers/default.py: 3
[2016-10-21 20:31:03] EDIT SimpleAssetInventory/controllers/default.py: 0
[2016-10-21 20:33:54] EDIT SimpleAssetInventory/models/db.py: 0
[2016-10-21 20:34:31] EDIT SimpleAssetInventory/controllers/default.py: 0
[2016-10-21 20:58:10] EDIT SimpleAssetInventory/controllers/default.py: -2
[2016-10-21 20:59:25] EDIT SimpleAssetInventory/controllers/default.py: 0
[2016-10-21 21:00:32] EDIT SimpleAssetInventory/controllers/default.py: 0
[2016-10-21 21:00:38] EDIT SimpleAssetInventory/controllers/default.py: 0
[2016-10-21 21:07:14] EDIT SimpleAssetInventory/models/db.py: 0
[2016-10-21 21:07:21] EDIT SimpleAssetInventory/models/db.py: 0
[2016-10-21 21:07:45] EDIT SimpleAssetInventory/models/db.py: 0
[2016-10-21 21:12:40] EDIT SimpleAssetInventory/controllers/default.py: 0
[2016-10-21 21:13:01] EDIT SimpleAssetInventory/controllers/default.py: 0
[2016-10-21 21:22:55] EDIT SimpleAssetInventory/controllers/default.py: 3
[2016-10-21 21:26:17] EDIT SimpleAssetInventory/controllers/default.py: 3
[2016-10-21 21:26:33] EDIT SimpleAssetInventory/controllers/default.py: 0
[2016-10-21 21:27:51] EDIT SimpleAssetInventory/controllers/default.py: 0
[2016-10-21 21:34:20] EDIT SimpleAssetInventory/controllers/default.py: 0
[2016-10-21 21:34:44] EDIT SimpleAssetInventory/controllers/default.py: 0
[2016-10-21 21:36:46] CREATE default/editresults.html.py: 0
[2016-10-21 21:36:57] EDIT SimpleAssetInventory/models/default/editresults.html.py: 10
[2016-10-21 21:37:24] EDIT SimpleAssetInventory/models/default/editresults.html.py: 0
[2016-10-21 21:37:40] CREATE default/editresults.html: 0
[2016-10-21 21:37:45] EDIT SimpleAssetInventory/views/default/editresults.html: 7
[2016-10-21 21:38:34] EDIT SimpleAssetInventory/views/default/results.html: 0
[2016-10-21 21:38:36] EDIT SimpleAssetInventory/views/default/editresults.html: 0
[2016-10-21 21:39:54] EDIT SimpleAssetInventory/models/menu.py: 1
[2016-10-21 21:40:24] EDIT SimpleAssetInventory/models/menu.py: 0
[2016-10-21 21:40:42] EDIT SimpleAssetInventory/models/menu.py: 0
[2016-10-21 21:50:21] EDIT SimpleAssetInventory/views/default/index.html: 2
[2016-10-21 21:53:24] EDIT SimpleAssetInventory/views/default/index.html: 2
[2016-10-21 21:55:46] EDIT SimpleAssetInventory/views/default/index.html: 0
[2016-10-21 22:08:30] EDIT SimpleAssetInventory/controllers/default.py: 2
[2016-10-21 22:10:22] EDIT SimpleAssetInventory/models/db.py: 0
[2016-10-21 22:20:52] EDIT SimpleAssetInventory/models/db.py: 0
[2016-12-08 18:55:41] EDIT SimpleAssetInventory/models/db.py: 32
[2016-12-08 18:55:57] EDIT SimpleAssetInventory/models/db.py: 0
[2016-12-08 20:15:02] EDIT SimpleAssetInventory/models/db.py: 0
[2016-12-08 20:15:29] EDIT SimpleAssetInventory/models/db.py: 0
[2016-12-08 20:17:53] EDIT SimpleAssetInventory/models/db.py: 0
[2016-12-08 20:38:25] EDIT SimpleAssetInventory/models/db.py: 5
[2016-12-08 20:40:48] EDIT SimpleAssetInventory/models/db.py: 1
[2016-12-08 20:41:10] EDIT SimpleAssetInventory/models/db.py: 0
[2016-12-08 21:26:19] EDIT SimpleAssetInventory/models/db.py: 0
[2016-12-08 21:50:50] EDIT SimpleAssetInventory/models/db.py: 0
[2016-12-08 21:52:47] EDIT SimpleAssetInventory/models/db.py: 0
[2016-12-08 21:53:18] EDIT SimpleAssetInventory/models/db.py: 0
[2016-12-08 21:53:46] EDIT SimpleAssetInventory/models/db.py: 0
[2016-12-08 21:56:11] CREATE default/edit_hops.html: 0
[2016-12-08 21:56:14] EDIT SimpleAssetInventory/views/default/edit_hops.html: 0
[2016-12-08 21:57:02] EDIT SimpleAssetInventory/controllers/default.py: -1
[2016-12-09 19:48:51] EDIT SimpleAssetInventory/models/db.py: 1
[2016-12-09 19:54:21] EDIT SimpleAssetInventory/controllers/default.py: 1
[2016-12-09 19:55:35] EDIT SimpleAssetInventory/controllers/default.py: 3
[2016-12-09 19:57:13] EDIT SimpleAssetInventory/controllers/default.py: -2
[2016-12-09 19:59:47] EDIT SimpleAssetInventory/models/db.py: 0
[2016-12-09 20:03:22] EDIT SimpleAssetInventory/models/db.py: 4
[2016-12-09 20:13:09] EDIT SimpleAssetInventory/models/db.py: 0
[2016-12-09 20:14:24] EDIT SimpleAssetInventory/models/db.py: 0
[2016-12-14 19:17:11] EDIT SimpleAssetInventory/models/db.py: 0
